Performing C++ SOURCE FILE Test NCNN_COMPILER_SUPPORT_ARM_VFPV4 failed with the following output:
Change Dir: /home/ncnn-armv7l-bin/arm-build/CMakeFiles/CMakeTmp

Run Build Command(s):/usr/bin/gmake -f Makefile cmTC_94dbe/fast && /usr/bin/gmake  -f CMakeFiles/cmTC_94dbe.dir/build.make CMakeFiles/cmTC_94dbe.dir/build
gmake[1]: Entering directory '/home/ncnn-armv7l-bin/arm-build/CMakeFiles/CMakeTmp'
Building CXX object CMakeFiles/cmTC_94dbe.dir/src.cxx.o
/usr/bin/arm-linux-gnueabihf-g++ -DNCNN_COMPILER_SUPPORT_ARM_VFPV4  -march=armv7-a -mfloat-abi=hard -mfpu=neon -mfpu=neon-vfpv4 -o CMakeFiles/cmTC_94dbe.dir/src.cxx.o -c /home/ncnn-armv7l-bin/arm-build/CMakeFiles/CMakeTmp/src.cxx
/home/ncnn-armv7l-bin/arm-build/CMakeFiles/CMakeTmp/src.cxx: In function 'int main()':
/home/ncnn-armv7l-bin/arm-build/CMakeFiles/CMakeTmp/src.cxx:2:30: error: 'float16x4_t' was not declared in this scope; did you mean 'bfloat16x4_t'?
    2 | int main() { float32x4_t _a; float16x4_t _s = vcvt_f16_f32(_a); return 0; }
      |                              ^~~~~~~~~~~
      |                              bfloat16x4_t
gmake[1]: *** [CMakeFiles/cmTC_94dbe.dir/build.make:78: CMakeFiles/cmTC_94dbe.dir/src.cxx.o] Error 1
gmake[1]: Leaving directory '/home/ncnn-armv7l-bin/arm-build/CMakeFiles/CMakeTmp'
gmake: *** [Makefile:127: cmTC_94dbe/fast] Error 2


Source file was:
#include <arm_neon.h>
int main() { float32x4_t _a; float16x4_t _s = vcvt_f16_f32(_a); return 0; }
